<?xml version="1.0" encoding="UTF-8"?>
<!-- Generated by org.testng.reporters.JUnitXMLReporter -->
<testsuite hostname="Kamal-PC" ignored="0" name="BookNowTest" tests="3" failures="0" timestamp="2020-09-29T00:57:00 IST" time="40.231" errors="0">
  <testcase name="testBooking" time="20.695" classname="com.selenium.yatra.tests.BookNowTest"/>
  <testcase name="testSearchFlights" time="36.496" classname="com.selenium.yatra.tests.SearchFlightsTest"/>
  <testcase name="testBooking" time="18.285" classname="com.selenium.yatra.tests.BookNowTest"/>
</testsuite> <!-- BookNowTest -->
