<?xml version="1.0" encoding="UTF-8"?>
<!-- Generated by org.testng.reporters.JUnitXMLReporter -->
<testsuite hostname="Kamal-PC" ignored="0" name="SearchFlightsTest" tests="2" failures="2" timestamp="2020-09-29T00:38:49 IST" time="0.464" errors="0">
  <testcase name="testSearchFlights" time="0.021" classname="com.selenium.yatra.tests.SearchFlightsTest">
    <failure type="java.lang.NullPointerException">
      <![CDATA[java.lang.NullPointerException
at com.selenium.yatra.tests.base.BaseTest.launchBrowser(BaseTest.java:79)
at com.selenium.yatra.tests.SearchFlightsTest.testSearchFlights(SearchFlightsTest.java:25)
at java.util.ArrayList.forEach(ArrayList.java:1257)
at java.util.concurrent.FutureTask.run(FutureTask.java:266)
at java.util.concurrent.ThreadPoolExecutor.runWorker(ThreadPoolExecutor.java:1149)
at java.util.concurrent.ThreadPoolExecutor$Worker.run(ThreadPoolExecutor.java:624)
at java.lang.Thread.run(Thread.java:748)
... Removed 18 stack frames]]>
    </failure>
  </testcase> <!-- testSearchFlights -->
  <testcase name="testBooking" time="0.006" classname="com.selenium.yatra.tests.BookNowTest">
    <failure type="java.lang.NullPointerException">
      <![CDATA[java.lang.NullPointerException
at com.selenium.yatra.tests.base.BaseTest.launchBrowser(BaseTest.java:79)
at com.selenium.yatra.tests.BookNowTest.testBooking(BookNowTest.java:46)
at java.util.ArrayList.forEach(ArrayList.java:1257)
at java.util.concurrent.FutureTask.run(FutureTask.java:266)
at java.util.concurrent.ThreadPoolExecutor.runWorker(ThreadPoolExecutor.java:1149)
at java.util.concurrent.ThreadPoolExecutor$Worker.run(ThreadPoolExecutor.java:624)
at java.lang.Thread.run(Thread.java:748)
... Removed 18 stack frames]]>
    </failure>
  </testcase> <!-- testBooking -->
</testsuite> <!-- SearchFlightsTest -->
