<?xml version="1.0" encoding="UTF-8"?>
<testsuite xmlns:xsi="http://www.w3.org/2001/XMLSchema-instance" xsi:noNamespaceSchemaLocation="https://maven.apache.org/surefire/maven-surefire-plugin/xsd/surefire-test-report-3.0.xsd" version="3.0" name="TestSuite" time="42.237" tests="3" errors="0" skipped="0" failures="0">
  <properties>
[...]
</properties>
  <testcase name="testBooking[{ToDate=30/09/2020, Origin=Pune, FromDate=29/09/2020, Arrival=New Delhi}](1)" classname="com.selenium.yatra.tests.BookNowTest" time="20.792">
    <system-out><![CDATA[.xlsx
.xlsx
.xlsx
Rows Count : 3
Column Count : 4
Rows Count : 3
Column Count : 2
Browser Name is Chrome
Browser Name after setting property Chrome
Grid Condition
Inside Chrome
inside test booking
Rows Count : 3
Column Count : 2
Browser Name is Chrome
Browser Name after setting property Chrome
Grid Condition
Inside Chrome
After Calling Launch Browser
Inside Launch Page Constructor
inside support
Origin : Pune Arrival: New Delhi
1
Adult
Adult
Adult
0
Child
Child
]]></system-out>
    <system-err><![CDATA[Sep 29, 2020 12:56:24 AM org.openqa.selenium.remote.ProtocolHandshake createSession
INFO: Detected dialect: W3C
Sep 29, 2020 12:56:24 AM org.openqa.selenium.remote.ProtocolHandshake createSession
INFO: Detected dialect: W3C
]]></system-err>
  </testcase>
  <testcase name="testBooking[{ToDate=30/09/2020, Origin=Pune, FromDate=29/09/2020, Arrival=New Delhi}](2)" classname="com.selenium.yatra.tests.BookNowTest" time="18.273"/>
  <testcase name="testSearchFlights" classname="com.selenium.yatra.tests.SearchFlightsTest" time="15.718">
    <system-out><![CDATA[inside test booking
Rows Count : 3
Column Count : 2
Browser Name is Chrome
Browser Name after setting property Chrome
Grid Condition
Inside Chrome
After Calling Launch Browser
Inside Launch Page Constructor
inside support
Origin : Pune Arrival: New Delhi
1
Adult
Adult
Adult
0
Child
Child
]]></system-out>
    <system-err><![CDATA[Sep 29, 2020 12:56:44 AM org.openqa.selenium.remote.ProtocolHandshake createSession
INFO: Detected dialect: W3C
]]></system-err>
  </testcase>
</testsuite>